This file contains any messages produced by compilers while
running configure, to aid debugging if configure makes a mistake.

It was created by libcoap configure 4.1.1, which was
generated by GNU Autoconf 2.68.  Invocation command line was

  $ ./configure --prefix=/home/htnice/work/coapx86

## --------- ##
## Platform. ##
## --------- ##

hostname = htnice-virtual-machine
uname -m = i686
uname -r = 3.11.0-15-generic
uname -s = Linux
uname -v = #25~precise1-Ubuntu SMP Thu Jan 30 17:42:40 UTC 2014

/usr/bin/uname -p = unknown
/bin/uname -X     = unknown

/bin/arch              = unknown
/usr/bin/arch -k       = unknown
/usr/convex/getsysinfo = unknown
/usr/bin/hostinfo      = unknown
/bin/machine           = unknown
/usr/bin/oslevel       = unknown
/bin/universe          = unknown

PATH: /usr/local/arm/4.8.3/bin
PATH: /usr/lib/lightdm/lightdm
PATH: /usr/local/sbin
PATH: /usr/local/bin
PATH: /usr/sbin
PATH: /usr/bin
PATH: /sbin
PATH: /bin
PATH: /usr/games
PATH: /usr/local/arm/4.8.3/bin


## ----------- ##
## Core tests. ##
## ----------- ##

configure:2158: checking whether make sets $(MAKE)
configure:2180: result: yes
configure:2237: checking for gcc
configure:2253: found /usr/bin/gcc
configure:2264: result: gcc
configure:2493: checking for C compiler version
configure:2502: gcc --version >&5
gcc (Ubuntu/Linaro 4.6.3-1ubuntu5) 4.6.3
Copyright (C) 2011 Free Software Foundation, Inc.
This is free software; see the source for copying conditions.  There is NO
warranty; not even for MERCHANTABILITY or FITNESS FOR A PARTICULAR PURPOSE.

configure:2513: $? = 0
configure:2502: gcc -v >&5
Using built-in specs.
COLLECT_GCC=gcc
COLLECT_LTO_WRAPPER=/usr/lib/gcc/i686-linux-gnu/4.6/lto-wrapper
Target: i686-linux-gnu
Configured with: ../src/configure -v --with-pkgversion='Ubuntu/Linaro 4.6.3-1ubuntu5' --with-bugurl=file:///usr/share/doc/gcc-4.6/README.Bugs --enable-languages=c,c++,fortran,objc,obj-c++ --prefix=/usr --program-suffix=-4.6 --enable-shared --enable-linker-build-id --with-system-zlib --libexecdir=/usr/lib --without-included-gettext --enable-threads=posix --with-gxx-include-dir=/usr/include/c++/4.6 --libdir=/usr/lib --enable-nls --with-sysroot=/ --enable-clocale=gnu --enable-libstdcxx-debug --enable-libstdcxx-time=yes --enable-gnu-unique-object --enable-plugin --enable-objc-gc --enable-targets=all --disable-werror --with-arch-32=i686 --with-tune=generic --enable-checking=release --build=i686-linux-gnu --host=i686-linux-gnu --target=i686-linux-gnu
Thread model: posix
gcc version 4.6.3 (Ubuntu/Linaro 4.6.3-1ubuntu5) 
configure:2513: $? = 0
configure:2502: gcc -V >&5
gcc: error: unrecognized option '-V'
gcc: fatal error: no input files
compilation terminated.
configure:2513: $? = 4
configure:2502: gcc -qversion >&5
gcc: error: unrecognized option '-qversion'
gcc: fatal error: no input files
compilation terminated.
configure:2513: $? = 4
configure:2533: checking whether the C compiler works
configure:2555: gcc    conftest.c  >&5
configure:2559: $? = 0
configure:2607: result: yes
configure:2610: checking for C compiler default output file name
configure:2612: result: a.out
configure:2618: checking for suffix of executables
configure:2625: gcc -o conftest    conftest.c  >&5
configure:2629: $? = 0
configure:2651: result: 
configure:2673: checking whether we are cross compiling
configure:2681: gcc -o conftest    conftest.c  >&5
configure:2685: $? = 0
configure:2692: ./conftest
configure:2696: $? = 0
configure:2711: result: no
configure:2716: checking for suffix of object files
configure:2738: gcc -c   conftest.c >&5
configure:2742: $? = 0
configure:2763: result: o
configure:2767: checking whether we are using the GNU C compiler
configure:2786: gcc -c   conftest.c >&5
configure:2786: $? = 0
configure:2795: result: yes
configure:2804: checking whether gcc accepts -g
configure:2824: gcc -c -g  conftest.c >&5
configure:2824: $? = 0
configure:2865: result: yes
configure:2882: checking for gcc option to accept ISO C89
configure:2946: gcc  -c -g -O2  conftest.c >&5
configure:2946: $? = 0
configure:2959: result: none needed
configure:3022: checking for ranlib
configure:3038: found /usr/bin/ranlib
configure:3049: result: ranlib
configure:3073: checking for doxygen
configure:3104: result: :
configure:3114: checking for etags
configure:3145: result: /bin/false
configure:3160: checking how to run the C preprocessor
configure:3191: gcc -E  conftest.c
configure:3191: $? = 0
configure:3205: gcc -E  conftest.c
conftest.c:9:28: fatal error: ac_nonexistent.h: No such file or directory
compilation terminated.
configure:3205: $? = 1
configure: failed program was:
| /* confdefs.h */
| #define PACKAGE_NAME "libcoap"
| #define PACKAGE_TARNAME "libcoap"
| #define PACKAGE_VERSION "4.1.1"
| #define PACKAGE_STRING "libcoap 4.1.1"
| #define PACKAGE_BUGREPORT ""
| #define PACKAGE_URL ""
| /* end confdefs.h.  */
| #include <ac_nonexistent.h>
configure:3230: result: gcc -E
configure:3250: gcc -E  conftest.c
configure:3250: $? = 0
configure:3264: gcc -E  conftest.c
conftest.c:9:28: fatal error: ac_nonexistent.h: No such file or directory
compilation terminated.
configure:3264: $? = 1
configure: failed program was:
| /* confdefs.h */
| #define PACKAGE_NAME "libcoap"
| #define PACKAGE_TARNAME "libcoap"
| #define PACKAGE_VERSION "4.1.1"
| #define PACKAGE_STRING "libcoap 4.1.1"
| #define PACKAGE_BUGREPORT ""
| #define PACKAGE_URL ""
| /* end confdefs.h.  */
| #include <ac_nonexistent.h>
configure:3293: checking for grep that handles long lines and -e
configure:3351: result: /bin/grep
configure:3356: checking for egrep
configure:3418: result: /bin/grep -E
configure:3423: checking for ANSI C header files
configure:3443: gcc -c -g -O2  conftest.c >&5
configure:3443: $? = 0
configure:3516: gcc -o conftest -g -O2   conftest.c  >&5
configure:3516: $? = 0
configure:3516: ./conftest
configure:3516: $? = 0
configure:3527: result: yes
configure:3540: checking for sys/types.h
configure:3540: gcc -c -g -O2  conftest.c >&5
configure:3540: $? = 0
configure:3540: result: yes
configure:3540: checking for sys/stat.h
configure:3540: gcc -c -g -O2  conftest.c >&5
configure:3540: $? = 0
configure:3540: result: yes
configure:3540: checking for stdlib.h
configure:3540: gcc -c -g -O2  conftest.c >&5
configure:3540: $? = 0
configure:3540: result: yes
configure:3540: checking for string.h
configure:3540: gcc -c -g -O2  conftest.c >&5
configure:3540: $? = 0
configure:3540: result: yes
configure:3540: checking for memory.h
configure:3540: gcc -c -g -O2  conftest.c >&5
configure:3540: $? = 0
configure:3540: result: yes
configure:3540: checking for strings.h
configure:3540: gcc -c -g -O2  conftest.c >&5
configure:3540: $? = 0
configure:3540: result: yes
configure:3540: checking for inttypes.h
configure:3540: gcc -c -g -O2  conftest.c >&5
configure:3540: $? = 0
configure:3540: result: yes
configure:3540: checking for stdint.h
configure:3540: gcc -c -g -O2  conftest.c >&5
configure:3540: $? = 0
configure:3540: result: yes
configure:3540: checking for unistd.h
configure:3540: gcc -c -g -O2  conftest.c >&5
configure:3540: $? = 0
configure:3540: result: yes
configure:3552: checking whether byte ordering is bigendian
configure:3567: gcc -c -g -O2  conftest.c >&5
conftest.c:20:9: error: unknown type name 'not'
conftest.c:20:15: error: expected '=', ',', ';', 'asm' or '__attribute__' before 'universal'
conftest.c:20:15: error: unknown type name 'universal'
configure:3567: $? = 1
configure: failed program was:
| /* confdefs.h */
| #define PACKAGE_NAME "libcoap"
| #define PACKAGE_TARNAME "libcoap"
| #define PACKAGE_VERSION "4.1.1"
| #define PACKAGE_STRING "libcoap 4.1.1"
| #define PACKAGE_BUGREPORT ""
| #define PACKAGE_URL ""
| #define STDC_HEADERS 1
| #define HAVE_SYS_TYPES_H 1
| #define HAVE_SYS_STAT_H 1
| #define HAVE_STDLIB_H 1
| #define HAVE_STRING_H 1
| #define HAVE_MEMORY_H 1
| #define HAVE_STRINGS_H 1
| #define HAVE_INTTYPES_H 1
| #define HAVE_STDINT_H 1
| #define HAVE_UNISTD_H 1
| /* end confdefs.h.  */
| #ifndef __APPLE_CC__
| 	       not a universal capable compiler
| 	     #endif
| 	     typedef int dummy;
| 
configure:3612: gcc -c -g -O2  conftest.c >&5
configure:3612: $? = 0
configure:3630: gcc -c -g -O2  conftest.c >&5
conftest.c: In function 'main':
conftest.c:26:4: error: unknown type name 'not'
conftest.c:26:12: error: expected '=', ',', ';', 'asm' or '__attribute__' before 'endian'
configure:3630: $? = 1
configure: failed program was:
| /* confdefs.h */
| #define PACKAGE_NAME "libcoap"
| #define PACKAGE_TARNAME "libcoap"
| #define PACKAGE_VERSION "4.1.1"
| #define PACKAGE_STRING "libcoap 4.1.1"
| #define PACKAGE_BUGREPORT ""
| #define PACKAGE_URL ""
| #define STDC_HEADERS 1
| #define HAVE_SYS_TYPES_H 1
| #define HAVE_SYS_STAT_H 1
| #define HAVE_STDLIB_H 1
| #define HAVE_STRING_H 1
| #define HAVE_MEMORY_H 1
| #define HAVE_STRINGS_H 1
| #define HAVE_INTTYPES_H 1
| #define HAVE_STDINT_H 1
| #define HAVE_UNISTD_H 1
| /* end confdefs.h.  */
| #include <sys/types.h>
| 		#include <sys/param.h>
| 
| int
| main ()
| {
| #if BYTE_ORDER != BIG_ENDIAN
| 		 not big endian
| 		#endif
| 
|   ;
|   return 0;
| }
configure:3758: result: no
configure:3778: checking for coap_new_pdu in -lcoap
configure:3803: gcc -o conftest -g -O2   conftest.c -lcoap   >&5
/usr/bin/ld: cannot find -lcoap
collect2: ld returned 1 exit status
configure:3803: $? = 1
configure: failed program was:
| /* confdefs.h */
| #define PACKAGE_NAME "libcoap"
| #define PACKAGE_TARNAME "libcoap"
| #define PACKAGE_VERSION "4.1.1"
| #define PACKAGE_STRING "libcoap 4.1.1"
| #define PACKAGE_BUGREPORT ""
| #define PACKAGE_URL ""
| #define STDC_HEADERS 1
| #define HAVE_SYS_TYPES_H 1
| #define HAVE_SYS_STAT_H 1
| #define HAVE_STDLIB_H 1
| #define HAVE_STRING_H 1
| #define HAVE_MEMORY_H 1
| #define HAVE_STRINGS_H 1
| #define HAVE_INTTYPES_H 1
| #define HAVE_STDINT_H 1
| #define HAVE_UNISTD_H 1
| /* end confdefs.h.  */
| 
| /* Override any GCC internal prototype to avoid an error.
|    Use char because int might match the return type of a GCC
|    builtin and then its argument prototype would still apply.  */
| #ifdef __cplusplus
| extern "C"
| #endif
| char coap_new_pdu ();
| int
| main ()
| {
| return coap_new_pdu ();
|   ;
|   return 0;
| }
configure:3812: result: no
configure:3824: checking for library containing gethostbyname
configure:3855: gcc -o conftest -g -O2   conftest.c  >&5
configure:3855: $? = 0
configure:3872: result: none required
configure:3880: checking for library containing socket
configure:3911: gcc -o conftest -g -O2   conftest.c  >&5
configure:3911: $? = 0
configure:3928: result: none required
configure:3995: checking assert.h usability
configure:3995: gcc -c -g -O2  -DWITH_POSIX conftest.c >&5
configure:3995: $? = 0
configure:3995: result: yes
configure:3995: checking assert.h presence
configure:3995: gcc -E  -DWITH_POSIX conftest.c
configure:3995: $? = 0
configure:3995: result: yes
configure:3995: checking for assert.h
configure:3995: result: yes
configure:3995: checking arpa/inet.h usability
configure:3995: gcc -c -g -O2  -DWITH_POSIX conftest.c >&5
configure:3995: $? = 0
configure:3995: result: yes
configure:3995: checking arpa/inet.h presence
configure:3995: gcc -E  -DWITH_POSIX conftest.c
configure:3995: $? = 0
configure:3995: result: yes
configure:3995: checking for arpa/inet.h
configure:3995: result: yes
configure:3995: checking limits.h usability
configure:3995: gcc -c -g -O2  -DWITH_POSIX conftest.c >&5
configure:3995: $? = 0
configure:3995: result: yes
configure:3995: checking limits.h presence
configure:3995: gcc -E  -DWITH_POSIX conftest.c
configure:3995: $? = 0
configure:3995: result: yes
configure:3995: checking for limits.h
configure:3995: result: yes
configure:3995: checking netdb.h usability
configure:3995: gcc -c -g -O2  -DWITH_POSIX conftest.c >&5
configure:3995: $? = 0
configure:3995: result: yes
configure:3995: checking netdb.h presence
configure:3995: gcc -E  -DWITH_POSIX conftest.c
configure:3995: $? = 0
configure:3995: result: yes
configure:3995: checking for netdb.h
configure:3995: result: yes
configure:3995: checking netinet/in.h usability
configure:3995: gcc -c -g -O2  -DWITH_POSIX conftest.c >&5
configure:3995: $? = 0
configure:3995: result: yes
configure:3995: checking netinet/in.h presence
configure:3995: gcc -E  -DWITH_POSIX conftest.c
configure:3995: $? = 0
configure:3995: result: yes
configure:3995: checking for netinet/in.h
configure:3995: result: yes
configure:3995: checking for stdlib.h
configure:3995: result: yes
configure:3995: checking for string.h
configure:3995: result: yes
configure:3995: checking for strings.h
configure:3995: result: yes
configure:3995: checking sys/socket.h usability
configure:3995: gcc -c -g -O2  -DWITH_POSIX conftest.c >&5
configure:3995: $? = 0
configure:3995: result: yes
configure:3995: checking sys/socket.h presence
configure:3995: gcc -E  -DWITH_POSIX conftest.c
configure:3995: $? = 0
configure:3995: result: yes
configure:3995: checking for sys/socket.h
configure:3995: result: yes
configure:3995: checking sys/time.h usability
configure:3995: gcc -c -g -O2  -DWITH_POSIX conftest.c >&5
configure:3995: $? = 0
configure:3995: result: yes
configure:3995: checking sys/time.h presence
configure:3995: gcc -E  -DWITH_POSIX conftest.c
configure:3995: $? = 0
configure:3995: result: yes
configure:3995: checking for sys/time.h
configure:3995: result: yes
configure:3995: checking time.h usability
configure:3995: gcc -c -g -O2  -DWITH_POSIX conftest.c >&5
configure:3995: $? = 0
configure:3995: result: yes
configure:3995: checking time.h presence
configure:3995: gcc -E  -DWITH_POSIX conftest.c
configure:3995: $? = 0
configure:3995: result: yes
configure:3995: checking for time.h
configure:3995: result: yes
configure:3995: checking for unistd.h
configure:3995: result: yes
configure:3995: checking sys/unistd.h usability
configure:3995: gcc -c -g -O2  -DWITH_POSIX conftest.c >&5
configure:3995: $? = 0
configure:3995: result: yes
configure:3995: checking sys/unistd.h presence
configure:3995: gcc -E  -DWITH_POSIX conftest.c
configure:3995: $? = 0
configure:3995: result: yes
configure:3995: checking for sys/unistd.h
configure:3995: result: yes
configure:3995: checking syslog.h usability
configure:3995: gcc -c -g -O2  -DWITH_POSIX conftest.c >&5
configure:3995: $? = 0
configure:3995: result: yes
configure:3995: checking syslog.h presence
configure:3995: gcc -E  -DWITH_POSIX conftest.c
configure:3995: $? = 0
configure:3995: result: yes
configure:3995: checking for syslog.h
configure:3995: result: yes
configure:4007: checking for size_t
configure:4007: gcc -c -g -O2  -DWITH_POSIX conftest.c >&5
configure:4007: $? = 0
configure:4007: gcc -c -g -O2  -DWITH_POSIX conftest.c >&5
conftest.c: In function 'main':
conftest.c:69:21: error: expected expression before ')' token
configure:4007: $? = 1
configure: failed program was:
| /* confdefs.h */
| #define PACKAGE_NAME "libcoap"
| #define PACKAGE_TARNAME "libcoap"
| #define PACKAGE_VERSION "4.1.1"
| #define PACKAGE_STRING "libcoap 4.1.1"
| #define PACKAGE_BUGREPORT ""
| #define PACKAGE_URL ""
| #define STDC_HEADERS 1
| #define HAVE_SYS_TYPES_H 1
| #define HAVE_SYS_STAT_H 1
| #define HAVE_STDLIB_H 1
| #define HAVE_STRING_H 1
| #define HAVE_MEMORY_H 1
| #define HAVE_STRINGS_H 1
| #define HAVE_INTTYPES_H 1
| #define HAVE_STDINT_H 1
| #define HAVE_UNISTD_H 1
| #define HAVE_ASSERT_H 1
| #define HAVE_ARPA_INET_H 1
| #define HAVE_LIMITS_H 1
| #define HAVE_NETDB_H 1
| #define HAVE_NETINET_IN_H 1
| #define HAVE_STDLIB_H 1
| #define HAVE_STRING_H 1
| #define HAVE_STRINGS_H 1
| #define HAVE_SYS_SOCKET_H 1
| #define HAVE_SYS_TIME_H 1
| #define HAVE_TIME_H 1
| #define HAVE_UNISTD_H 1
| #define HAVE_SYS_UNISTD_H 1
| #define HAVE_SYSLOG_H 1
| /* end confdefs.h.  */
| #include <stdio.h>
| #ifdef HAVE_SYS_TYPES_H
| # include <sys/types.h>
| #endif
| #ifdef HAVE_SYS_STAT_H
| # include <sys/stat.h>
| #endif
| #ifdef STDC_HEADERS
| # include <stdlib.h>
| # include <stddef.h>
| #else
| # ifdef HAVE_STDLIB_H
| #  include <stdlib.h>
| # endif
| #endif
| #ifdef HAVE_STRING_H
| # if !defined STDC_HEADERS && defined HAVE_MEMORY_H
| #  include <memory.h>
| # endif
| # include <string.h>
| #endif
| #ifdef HAVE_STRINGS_H
| # include <strings.h>
| #endif
| #ifdef HAVE_INTTYPES_H
| # include <inttypes.h>
| #endif
| #ifdef HAVE_STDINT_H
| # include <stdint.h>
| #endif
| #ifdef HAVE_UNISTD_H
| # include <unistd.h>
| #endif
| int
| main ()
| {
| if (sizeof ((size_t)))
| 	    return 0;
|   ;
|   return 0;
| }
configure:4007: result: yes
configure:4018: checking for ssize_t
configure:4018: gcc -c -g -O2  -DWITH_POSIX conftest.c >&5
configure:4018: $? = 0
configure:4018: gcc -c -g -O2  -DWITH_POSIX conftest.c >&5
conftest.c: In function 'main':
conftest.c:69:22: error: expected expression before ')' token
configure:4018: $? = 1
configure: failed program was:
| /* confdefs.h */
| #define PACKAGE_NAME "libcoap"
| #define PACKAGE_TARNAME "libcoap"
| #define PACKAGE_VERSION "4.1.1"
| #define PACKAGE_STRING "libcoap 4.1.1"
| #define PACKAGE_BUGREPORT ""
| #define PACKAGE_URL ""
| #define STDC_HEADERS 1
| #define HAVE_SYS_TYPES_H 1
| #define HAVE_SYS_STAT_H 1
| #define HAVE_STDLIB_H 1
| #define HAVE_STRING_H 1
| #define HAVE_MEMORY_H 1
| #define HAVE_STRINGS_H 1
| #define HAVE_INTTYPES_H 1
| #define HAVE_STDINT_H 1
| #define HAVE_UNISTD_H 1
| #define HAVE_ASSERT_H 1
| #define HAVE_ARPA_INET_H 1
| #define HAVE_LIMITS_H 1
| #define HAVE_NETDB_H 1
| #define HAVE_NETINET_IN_H 1
| #define HAVE_STDLIB_H 1
| #define HAVE_STRING_H 1
| #define HAVE_STRINGS_H 1
| #define HAVE_SYS_SOCKET_H 1
| #define HAVE_SYS_TIME_H 1
| #define HAVE_TIME_H 1
| #define HAVE_UNISTD_H 1
| #define HAVE_SYS_UNISTD_H 1
| #define HAVE_SYSLOG_H 1
| /* end confdefs.h.  */
| #include <stdio.h>
| #ifdef HAVE_SYS_TYPES_H
| # include <sys/types.h>
| #endif
| #ifdef HAVE_SYS_STAT_H
| # include <sys/stat.h>
| #endif
| #ifdef STDC_HEADERS
| # include <stdlib.h>
| # include <stddef.h>
| #else
| # ifdef HAVE_STDLIB_H
| #  include <stdlib.h>
| # endif
| #endif
| #ifdef HAVE_STRING_H
| # if !defined STDC_HEADERS && defined HAVE_MEMORY_H
| #  include <memory.h>
| # endif
| # include <string.h>
| #endif
| #ifdef HAVE_STRINGS_H
| # include <strings.h>
| #endif
| #ifdef HAVE_INTTYPES_H
| # include <inttypes.h>
| #endif
| #ifdef HAVE_STDINT_H
| # include <stdint.h>
| #endif
| #ifdef HAVE_UNISTD_H
| # include <unistd.h>
| #endif
| int
| main ()
| {
| if (sizeof ((ssize_t)))
| 	    return 0;
|   ;
|   return 0;
| }
configure:4018: result: yes
configure:4033: checking for stdlib.h
configure:4033: result: yes
configure:4043: checking for GNU libc compatible malloc
configure:4067: gcc -o conftest -g -O2  -DWITH_POSIX  conftest.c  >&5
configure:4067: $? = 0
configure:4067: ./conftest
configure:4067: $? = 0
configure:4077: result: yes
configure:4101: checking for memset
configure:4101: gcc -o conftest -g -O2  -DWITH_POSIX  conftest.c  >&5
conftest.c:58:6: warning: conflicting types for built-in function 'memset' [enabled by default]
configure:4101: $? = 0
configure:4101: result: yes
configure:4101: checking for select
configure:4101: gcc -o conftest -g -O2  -DWITH_POSIX  conftest.c  >&5
configure:4101: $? = 0
configure:4101: result: yes
configure:4101: checking for socket
configure:4101: gcc -o conftest -g -O2  -DWITH_POSIX  conftest.c  >&5
configure:4101: $? = 0
configure:4101: result: yes
configure:4101: checking for strcasecmp
configure:4101: gcc -o conftest -g -O2  -DWITH_POSIX  conftest.c  >&5
conftest.c:61:6: warning: conflicting types for built-in function 'strcasecmp' [enabled by default]
configure:4101: $? = 0
configure:4101: result: yes
configure:4101: checking for strrchr
configure:4101: gcc -o conftest -g -O2  -DWITH_POSIX  conftest.c  >&5
conftest.c:62:6: warning: conflicting types for built-in function 'strrchr' [enabled by default]
configure:4101: $? = 0
configure:4101: result: yes
configure:4101: checking for getaddrinfo
configure:4101: gcc -o conftest -g -O2  -DWITH_POSIX  conftest.c  >&5
configure:4101: $? = 0
configure:4101: result: yes
configure:4101: checking for strnlen
configure:4101: gcc -o conftest -g -O2  -DWITH_POSIX  conftest.c  >&5
configure:4101: $? = 0
configure:4101: result: yes
configure:4235: creating ./config.status

## ---------------------- ##
## Running config.status. ##
## ---------------------- ##

This file was extended by libcoap config.status 4.1.1, which was
generated by GNU Autoconf 2.68.  Invocation command line was

  CONFIG_FILES    = 
  CONFIG_HEADERS  = 
  CONFIG_LINKS    = 
  CONFIG_COMMANDS = 
  $ ./config.status 

on htnice-virtual-machine

config.status:843: creating Makefile
config.status:843: creating doc/Makefile
config.status:843: creating doc/Doxyfile
config.status:843: creating examples/Makefile
config.status:843: creating tests/Makefile
config.status:843: creating config.h

## ---------------- ##
## Cache variables. ##
## ---------------- ##

ac_cv_c_bigendian=no
ac_cv_c_compiler_gnu=yes
ac_cv_env_CC_set=
ac_cv_env_CC_value=
ac_cv_env_CFLAGS_set=
ac_cv_env_CFLAGS_value=
ac_cv_env_CPPFLAGS_set=
ac_cv_env_CPPFLAGS_value=
ac_cv_env_CPP_set=
ac_cv_env_CPP_value=
ac_cv_env_LDFLAGS_set=
ac_cv_env_LDFLAGS_value=
ac_cv_env_LIBS_set=
ac_cv_env_LIBS_value=
ac_cv_env_build_alias_set=
ac_cv_env_build_alias_value=
ac_cv_env_host_alias_set=
ac_cv_env_host_alias_value=
ac_cv_env_target_alias_set=
ac_cv_env_target_alias_value=
ac_cv_func_getaddrinfo=yes
ac_cv_func_malloc_0_nonnull=yes
ac_cv_func_memset=yes
ac_cv_func_select=yes
ac_cv_func_socket=yes
ac_cv_func_strcasecmp=yes
ac_cv_func_strnlen=yes
ac_cv_func_strrchr=yes
ac_cv_header_arpa_inet_h=yes
ac_cv_header_assert_h=yes
ac_cv_header_inttypes_h=yes
ac_cv_header_limits_h=yes
ac_cv_header_memory_h=yes
ac_cv_header_netdb_h=yes
ac_cv_header_netinet_in_h=yes
ac_cv_header_stdc=yes
ac_cv_header_stdint_h=yes
ac_cv_header_stdlib_h=yes
ac_cv_header_string_h=yes
ac_cv_header_strings_h=yes
ac_cv_header_sys_socket_h=yes
ac_cv_header_sys_stat_h=yes
ac_cv_header_sys_time_h=yes
ac_cv_header_sys_types_h=yes
ac_cv_header_sys_unistd_h=yes
ac_cv_header_syslog_h=yes
ac_cv_header_time_h=yes
ac_cv_header_unistd_h=yes
ac_cv_lib_coap_coap_new_pdu=no
ac_cv_objext=o
ac_cv_path_DOXYGEN=:
ac_cv_path_EGREP='/bin/grep -E'
ac_cv_path_ETAGS=/bin/false
ac_cv_path_GREP=/bin/grep
ac_cv_prog_CPP='gcc -E'
ac_cv_prog_ac_ct_CC=gcc
ac_cv_prog_ac_ct_RANLIB=ranlib
ac_cv_prog_cc_c89=
ac_cv_prog_cc_g=yes
ac_cv_prog_make_make_set=yes
ac_cv_search_gethostbyname='none required'
ac_cv_search_socket='none required'
ac_cv_type_size_t=yes
ac_cv_type_ssize_t=yes

## ----------------- ##
## Output variables. ##
## ----------------- ##

BUILD_SO=''
CC='gcc'
CFLAGS='-g -O2'
CPP='gcc -E'
CPPFLAGS=' -DWITH_POSIX'
DEFS='-DHAVE_CONFIG_H'
DOXYGEN=':'
ECHO_C=''
ECHO_N='-n'
ECHO_T=''
EGREP='/bin/grep -E'
ETAGS='/bin/false'
EXEEXT=''
GREP='/bin/grep'
LDFLAGS=''
LIBOBJS=''
LIBS=''
LIBSO_VERSION=''
LTLIBOBJS=''
OBJEXT='o'
PACKAGE_BUGREPORT=''
PACKAGE_NAME='libcoap'
PACKAGE_STRING='libcoap 4.1.1'
PACKAGE_TARNAME='libcoap'
PACKAGE_URL=''
PACKAGE_VERSION='4.1.1'
PATH_SEPARATOR=':'
RANLIB='ranlib'
SET_MAKE=''
SHELL='/bin/bash'
TESTS=''
ac_ct_CC='gcc'
bindir='${exec_prefix}/bin'
build_alias=''
datadir='${datarootdir}'
datarootdir='${prefix}/share'
docdir='${datarootdir}/doc/${PACKAGE_TARNAME}'
dvidir='${docdir}'
exec_prefix='${prefix}'
host_alias=''
htmldir='${docdir}'
includedir='${prefix}/include'
infodir='${datarootdir}/info'
libdir='${exec_prefix}/lib'
libexecdir='${exec_prefix}/libexec'
localedir='${datarootdir}/locale'
localstatedir='${prefix}/var'
mandir='${datarootdir}/man'
oldincludedir='/usr/include'
pdfdir='${docdir}'
prefix='/home/htnice/work/coapx86'
program_transform_name='s,x,x,'
psdir='${docdir}'
sbindir='${exec_prefix}/sbin'
sharedstatedir='${prefix}/com'
sysconfdir='${prefix}/etc'
target_alias=''

## ----------- ##
## confdefs.h. ##
## ----------- ##

/* confdefs.h */
#define PACKAGE_NAME "libcoap"
#define PACKAGE_TARNAME "libcoap"
#define PACKAGE_VERSION "4.1.1"
#define PACKAGE_STRING "libcoap 4.1.1"
#define PACKAGE_BUGREPORT ""
#define PACKAGE_URL ""
#define STDC_HEADERS 1
#define HAVE_SYS_TYPES_H 1
#define HAVE_SYS_STAT_H 1
#define HAVE_STDLIB_H 1
#define HAVE_STRING_H 1
#define HAVE_MEMORY_H 1
#define HAVE_STRINGS_H 1
#define HAVE_INTTYPES_H 1
#define HAVE_STDINT_H 1
#define HAVE_UNISTD_H 1
#define HAVE_ASSERT_H 1
#define HAVE_ARPA_INET_H 1
#define HAVE_LIMITS_H 1
#define HAVE_NETDB_H 1
#define HAVE_NETINET_IN_H 1
#define HAVE_STDLIB_H 1
#define HAVE_STRING_H 1
#define HAVE_STRINGS_H 1
#define HAVE_SYS_SOCKET_H 1
#define HAVE_SYS_TIME_H 1
#define HAVE_TIME_H 1
#define HAVE_UNISTD_H 1
#define HAVE_SYS_UNISTD_H 1
#define HAVE_SYSLOG_H 1
#define HAVE_STDLIB_H 1
#define HAVE_MALLOC 1
#define HAVE_MEMSET 1
#define HAVE_SELECT 1
#define HAVE_SOCKET 1
#define HAVE_STRCASECMP 1
#define HAVE_STRRCHR 1
#define HAVE_GETADDRINFO 1
#define HAVE_STRNLEN 1

configure: exit 0
